Removed Member From Class: ClassName=Nano Member=C9
Removed Member From Class: ClassName=Nano Member=C10
Removed Member From Class: ClassName=Designator Member=C11
Removed Member From Class: ClassName=Designator Member=D2
Removed Member From Class: ClassName=Gyro Member=R5
Change Component Footprint: Designator=C12 Old Footprint=RAD-0.3 New Footprint=SMD-0603C
Change Component Footprint: Designator=C13 Old Footprint=RAD-0.3 New Footprint=SMD-0603C
Added Pin To Net: NetName=GND Pin=C13-1
Added Member To Class: ClassName=RF Member=Component C3 33nF
Added Member To Class: ClassName=RF Member=Component C4 10nF
Added Member To Class: ClassName=RF Member=Component C5 1nF
Added Member To Class: ClassName=Nano Member=Component C12 Cap
Added Member To Class: ClassName=Nano Member=Component C13 Cap
Added Member To Class: ClassName=Designator Member=Component C14 
Added Member To Class: ClassName=Designator Member=Component D3 5mA
Added Member To Class: ClassName=Gyro Member=Component R2 Res1
Added Member To Class: ClassName=RF Member=Component R4 22K
Added Member To Class: ClassName=Voltage Detection Member=Component R7 560k
Added Room: Name=Nano
Added Room: Name=Voltage Detection
