Added Component: Designator=Nano1(ARDNanoINV)
Add component. Clean all parameters for all variants
Add component (AddParameter): Name = "Datasheet Link"; Value = "https://componentsearchengine.com/Datasheets/2/A000005.pdf"; VariantName = "[No Variations]"
Add component (AddParameter): Name = "Height"; Value = "10.1mm"; VariantName = "[No Variations]"
Add component (AddParameter): Name = "Manufacturer_Name"; Value = "Arduino"; VariantName = "[No Variations]"
Add component (AddParameter): Name = "Manufacturer_Part_Number"; Value = "ARDNanoINV"; VariantName = "[No Variations]"
Add component (AddParameter): Name = "Mouser Part Number"; Value = "992-ARD-NANO30"; VariantName = "[No Variations]"
Add component (AddParameter): Name = "Mouser Price/Stock"; Value = "http://www.mouser.com/Search/ProductDetail.aspx?qs=Vxac6xGyzPmCaTfvE003gg%3d%3d"; VariantName = "[No Variations]"
Add component (AddParameter): Name = "RS Part Number"; Value = ""; VariantName = "[No Variations]"
Add component (AddParameter): Name = "RS Price/Stock"; Value = ""; VariantName = "[No Variations]"
Added Pin To Net: NetName=D1 Pin=Nano1-1
Added Pin To Net: NetName=D0 Pin=Nano1-2
Added Pin To Net: NetName=GND Pin=Nano1-4
Added Pin To Net: NetName=D2 Pin=Nano1-5
Added Pin To Net: NetName=D3 Pin=Nano1-6
Added Pin To Net: NetName=D4 Pin=Nano1-7
Added Pin To Net: NetName=D5 Pin=Nano1-8
Added Pin To Net: NetName=D6 Pin=Nano1-9
Added Pin To Net: NetName=D7 Pin=Nano1-10
Added Pin To Net: NetName=D8 Pin=Nano1-11
Added Pin To Net: NetName=D9 Pin=Nano1-12
Added Pin To Net: NetName=NetNano1_13 Pin=Nano1-13
Added Pin To Net: NetName=NetNano1_14 Pin=Nano1-14
Added Pin To Net: NetName=NetNano1_15 Pin=Nano1-15
Added Pin To Net: NetName=NetBT1_1 Pin=Nano1-16
Added Pin To Net: NetName=GND Pin=Nano1-17
Added Pin To Net: NetName=+5V Pin=Nano1-19
Added Pin To Net: NetName=A7 Pin=Nano1-20
Added Pin To Net: NetName=A6 Pin=Nano1-21
Added Pin To Net: NetName=NetA1_4 Pin=Nano1-22
Added Pin To Net: NetName=NetA1_3 Pin=Nano1-23
Added Pin To Net: NetName=A3 Pin=Nano1-24
Added Pin To Net: NetName=NetNano1_25 Pin=Nano1-25
Added Pin To Net: NetName=NetNano1_26 Pin=Nano1-26
Added Pin To Net: NetName=NetBatt1_2 Pin=Nano1-27
Added Pin To Net: NetName=NetA1_2 Pin=Nano1-29
Added Pin To Net: NetName=NetNano1_30 Pin=Nano1-30
Added Member To Class: ClassName=Altitude Sensor Member=Component C14 10nF
Added Member To Class: ClassName=Altitude Sensor Member=Component C15 1nF
Added Member To Class: ClassName=Nano Member=Component Nano1 Arduino Nano Atmega 328P
