Added Component: Designator=ESC1(PHEONIX-5.08PITCH-2PIN)
Add component. Clean all parameters for all variants
Add component (AddParameter): Name = "Allied_Number"; Value = "70054425"; VariantName = "[No Variations]"
Add component (AddParameter): Name = "Allied Price/Stock"; Value = "http://www.alliedelec.com/phoenix-contact-1711725/70054425/"; VariantName = "[No Variations]"
Add component (AddParameter): Name = "Datasheet Link"; Value = "http://docs-asia.electrocomponents.com/webdocs/1380/0900766b81380186.pdf"; VariantName = "[No Variations]"
Add component (AddParameter): Name = "Manufacturer_Name"; Value = "Phoenix Contact"; VariantName = "[No Variations]"
Add component (AddParameter): Name = "Manufacturer_Part_Number"; Value = "1711725"; VariantName = "[No Variations]"
Add component (AddParameter): Name = "Mouser Part Number"; Value = "651-1711725"; VariantName = "[No Variations]"
Add component (AddParameter): Name = "Mouser Price/Stock"; Value = "https://www.mouser.com/Search/Refine.aspx?Keyword=651-1711725"; VariantName = "[No Variations]"
Add component (AddParameter): Name = "RS Part Number"; Value = "1895843"; VariantName = "[No Variations]"
Add component (AddParameter): Name = "RS Price/Stock"; Value = "http://uk.rs-online.com/web/p/products/1895843"; VariantName = "[No Variations]"
Added Component: Designator=ESC2(PHEONIX-5.08PITCH-2PIN)
Add component. Clean all parameters for all variants
Add component (AddParameter): Name = "Allied_Number"; Value = "70054425"; VariantName = "[No Variations]"
Add component (AddParameter): Name = "Allied Price/Stock"; Value = "http://www.alliedelec.com/phoenix-contact-1711725/70054425/"; VariantName = "[No Variations]"
Add component (AddParameter): Name = "Datasheet Link"; Value = "http://docs-asia.electrocomponents.com/webdocs/1380/0900766b81380186.pdf"; VariantName = "[No Variations]"
Add component (AddParameter): Name = "Manufacturer_Name"; Value = "Phoenix Contact"; VariantName = "[No Variations]"
Add component (AddParameter): Name = "Manufacturer_Part_Number"; Value = "1711725"; VariantName = "[No Variations]"
Add component (AddParameter): Name = "Mouser Part Number"; Value = "651-1711725"; VariantName = "[No Variations]"
Add component (AddParameter): Name = "Mouser Price/Stock"; Value = "https://www.mouser.com/Search/Refine.aspx?Keyword=651-1711725"; VariantName = "[No Variations]"
Add component (AddParameter): Name = "RS Part Number"; Value = "1895843"; VariantName = "[No Variations]"
Add component (AddParameter): Name = "RS Price/Stock"; Value = "http://uk.rs-online.com/web/p/products/1895843"; VariantName = "[No Variations]"
Added Component: Designator=ESC3(PHEONIX-5.08PITCH-2PIN)
Add component. Clean all parameters for all variants
Add component (AddParameter): Name = "Allied_Number"; Value = "70054425"; VariantName = "[No Variations]"
Add component (AddParameter): Name = "Allied Price/Stock"; Value = "http://www.alliedelec.com/phoenix-contact-1711725/70054425/"; VariantName = "[No Variations]"
Add component (AddParameter): Name = "Datasheet Link"; Value = "http://docs-asia.electrocomponents.com/webdocs/1380/0900766b81380186.pdf"; VariantName = "[No Variations]"
Add component (AddParameter): Name = "Manufacturer_Name"; Value = "Phoenix Contact"; VariantName = "[No Variations]"
Add component (AddParameter): Name = "Manufacturer_Part_Number"; Value = "1711725"; VariantName = "[No Variations]"
Add component (AddParameter): Name = "Mouser Part Number"; Value = "651-1711725"; VariantName = "[No Variations]"
Add component (AddParameter): Name = "Mouser Price/Stock"; Value = "https://www.mouser.com/Search/Refine.aspx?Keyword=651-1711725"; VariantName = "[No Variations]"
Add component (AddParameter): Name = "RS Part Number"; Value = "1895843"; VariantName = "[No Variations]"
Add component (AddParameter): Name = "RS Price/Stock"; Value = "http://uk.rs-online.com/web/p/products/1895843"; VariantName = "[No Variations]"
Added Component: Designator=ESC4(PHEONIX-5.08PITCH-2PIN)
Add component. Clean all parameters for all variants
Add component (AddParameter): Name = "Allied_Number"; Value = "70054425"; VariantName = "[No Variations]"
Add component (AddParameter): Name = "Allied Price/Stock"; Value = "http://www.alliedelec.com/phoenix-contact-1711725/70054425/"; VariantName = "[No Variations]"
Add component (AddParameter): Name = "Datasheet Link"; Value = "http://docs-asia.electrocomponents.com/webdocs/1380/0900766b81380186.pdf"; VariantName = "[No Variations]"
Add component (AddParameter): Name = "Manufacturer_Name"; Value = "Phoenix Contact"; VariantName = "[No Variations]"
Add component (AddParameter): Name = "Manufacturer_Part_Number"; Value = "1711725"; VariantName = "[No Variations]"
Add component (AddParameter): Name = "Mouser Part Number"; Value = "651-1711725"; VariantName = "[No Variations]"
Add component (AddParameter): Name = "Mouser Price/Stock"; Value = "https://www.mouser.com/Search/Refine.aspx?Keyword=651-1711725"; VariantName = "[No Variations]"
Add component (AddParameter): Name = "RS Part Number"; Value = "1895843"; VariantName = "[No Variations]"
Add component (AddParameter): Name = "RS Price/Stock"; Value = "http://uk.rs-online.com/web/p/products/1895843"; VariantName = "[No Variations]"
Added Pin To Net: NetName=NetBT1_1 Pin=ESC1-1
Added Pin To Net: NetName=GND Pin=ESC1-2
Added Pin To Net: NetName=NetBT1_1 Pin=ESC2-1
Added Pin To Net: NetName=GND Pin=ESC2-2
Added Pin To Net: NetName=NetBT1_1 Pin=ESC3-1
Added Pin To Net: NetName=GND Pin=ESC3-2
Added Pin To Net: NetName=NetBT1_1 Pin=ESC4-1
Added Pin To Net: NetName=GND Pin=ESC4-2
Added Member To Class: ClassName=Nano Member=Component ESC1 1711725
Added Member To Class: ClassName=Nano Member=Component ESC2 1711725
Added Member To Class: ClassName=Nano Member=Component ESC3 1711725
Added Member To Class: ClassName=Nano Member=Component ESC4 1711725
