Removed Pin From Net: NetName=NetC14_2 Pin=X1-2
Change Component Footprint: Designator=LED2 Old Footprint=LED-0 New Footprint=*0603
Change Component Footprint: Designator=LED3 Old Footprint=LED-0 New Footprint=*0603
Change Component Footprint: Designator=X1 Old Footprint=R38 New Footprint=*XTAL_ECS-160-12-30BQ-AEN-TR
Change Component Comment : Designator=X1 Old Comment=16MHz New Comment=16 MHz Crystal
Change component parameters: Designator = "X1"; Footprint = "*XTAL_ECS-160-12-30BQ-AEN-TR"; UniqueID = "\SFCLRTWZ\UWWWGBFI"
Change component parameters. Clean all parameters for all variants
Change component parameters (AddParameter): Name = "Availability"; Value = "Unavailable"; VariantName = "[No Variations]"
Change component parameters (AddParameter): Name = "MF"; Value = "ECS Inc."; VariantName = "[No Variations]"
Change component parameters (AddParameter): Name = "MP"; Value = "ECS-160-12-30BQ-AEN-TR"; VariantName = "[No Variations]"
Change component parameters (AddParameter): Name = "Package"; Value = "SMD-4 ECS International"; VariantName = "[No Variations]"
Change component parameters (AddParameter): Name = "Price"; Value = "None"; VariantName = "[No Variations]"
Change component parameters (AddParameter): Name = "SnapEDA_Link"; Value = "https://www.snapeda.com/parts/ECS-160-12-30BQ-AEN-TR/ECS%20Inc./view-part/2749540/?ref=snap"; VariantName = "[No Variations]"
Change component parameters (AddParameter): Name = "Value"; Value = ""; VariantName = "[No Variations]"
Added Component: Designator=LED1(*0603)
Add component. Clean all parameters for all variants
Add component (AddParameter): Name = "LatestRevisionDate"; Value = "08-Jul-2005"; VariantName = "[No Variations]"
Add component (AddParameter): Name = "LatestRevisionNote"; Value = "Mech Layer 1 removed."; VariantName = "[No Variations]"
Add component (AddParameter): Name = "PackageDescription"; Value = "LED; 2 Leads"; VariantName = "[No Variations]"
Add component (AddParameter): Name = "PackageReference"; Value = "LED-0"; VariantName = "[No Variations]"
Add component (AddParameter): Name = "Published"; Value = "8-Jun-2000"; VariantName = "[No Variations]"
Add component (AddParameter): Name = "Publisher"; Value = "Altium Limited"; VariantName = "[No Variations]"
Added Pin To Net: NetName=NetLED1_1 Pin=LED1-1
Added Pin To Net: NetName=GND Pin=LED1-2
Added Pin To Net: NetName=NetGyro_5 Pin=Nano-11
Added Pin To Net: NetName=NetNano_13 Pin=RF-1
Added Pin To Net: NetName=GND Pin=X1-2
Added Pin To Net: NetName=GND Pin=X1-4
Added Member To Class: ClassName=Vreg Member=Component LED1 5mA
Added Room: Name=Gyro
Added Room: Name=Master Schematic
Added Room: Name=Nano
Added Room: Name=RF
Added Room: Name=Voltage Detection
Added Room: Name=Vreg
