Change Component Footprint: Designator=A I/O1 Old Footprint=*TE_3-644695-3 New Footprint=HDR1X3
Change Component Description : Designator=X1 Old Description=16MHz ±25ppm Crystal 12pF 50 Ohms 4-SMD, No Lead New Description=
16MHz ±25ppm Crystal 12pF 50 Ohms 4-SMD, No Lead

Added Component: Designator=D I/O1(*TE_5-146278-6)
Add component. Clean all parameters for all variants
Add component (AddParameter): Name = "LatestRevisionDate"; Value = "17-Jul-2002"; VariantName = "[No Variations]"
Add component (AddParameter): Name = "LatestRevisionNote"; Value = "Re-released for DXP Platform."; VariantName = "[No Variations]"
Add component (AddParameter): Name = "Publisher"; Value = "Altium Limited"; VariantName = "[No Variations]"
Added Component: Designator=J?(SHDR6W165P0X396_1X6_2300X1062X1425P)
Add component. Clean all parameters for all variants
Add component (AddParameter): Name = "Datasheet Link"; Value = "https://www.molex.com/pdm_docs/sd/009652068_sd.pdf"; VariantName = "[No Variations]"
Add component (AddParameter): Name = "Height"; Value = "14.25mm"; VariantName = "[No Variations]"
Add component (AddParameter): Name = "Manufacturer_Name"; Value = "Molex"; VariantName = "[No Variations]"
Add component (AddParameter): Name = "Manufacturer_Part_Number"; Value = "0009652068"; VariantName = "[No Variations]"
Add component (AddParameter): Name = "Mouser Part Number"; Value = "N/A"; VariantName = "[No Variations]"
Add component (AddParameter): Name = "Mouser Price/Stock"; Value = "https://www.mouser.com/Search/Refine.aspx?Keyword=N%2FA"; VariantName = "[No Variations]"
Add component (AddParameter): Name = "RS Part Number"; Value = ""; VariantName = "[No Variations]"
Add component (AddParameter): Name = "RS Price/Stock"; Value = ""; VariantName = "[No Variations]"
Added Pin To Net: NetName=D0 Pin=D I/O1-1
Added Pin To Net: NetName=D1 Pin=D I/O1-2
Added Pin To Net: NetName=D2 Pin=D I/O1-3
Added Pin To Net: NetName=D4 Pin=D I/O1-4
Added Pin To Net: NetName=D7 Pin=D I/O1-5
Added Pin To Net: NetName=D8 Pin=D I/O1-6
Added Member To Class: ClassName=Nano Member=Component D I/O1 Digital I/O
Added Member To Class: ClassName=Nano Member=Component J? 0009652068
Added Room: Name=Altitude Sensor
Added Room: Name=Nano
Added Room: Name=RF
